<?xml version="1.0" encoding="UTF-8"?>
<testng-results ignored="0" total="1" passed="1" failed="0" skipped="0">
  <reporter-output>
  </reporter-output>
  <suite started-at="2018-02-21T05:44:32Z" name="Default suite" finished-at="2018-02-21T05:44:44Z" duration-ms="12204">
    <groups>
    </groups>
    <test started-at="2018-02-21T05:44:32Z" name="Default test" finished-at="2018-02-21T05:44:44Z" duration-ms="12204">
      <class name="scripts.TestValidLogin">
        <test-method is-config="true" signature="openApplication()[pri:0, instance:scripts.TestValidLogin@2a7f1f10]" started-at="2018-02-21T11:14:32Z" name="openApplication" finished-at="2018-02-21T11:14:41Z" duration-ms="9531" status="PASS">
          <reporter-output>
          </reporter-output>
        </test-method> <!-- openApplication -->
        <test-method signature="testValidLogin()[pri:0, instance:scripts.TestValidLogin@2a7f1f10]" started-at="2018-02-21T11:14:41Z" name="testValidLogin" finished-at="2018-02-21T11:14:44Z" duration-ms="2345" status="PASS">
          <reporter-output>
          </reporter-output>
        </test-method> <!-- testValidLogin -->
        <test-method is-config="true" signature="closeApplication()[pri:0, instance:scripts.TestValidLogin@2a7f1f10]" started-at="2018-02-21T11:14:44Z" name="closeApplication" finished-at="2018-02-21T11:14:44Z" duration-ms="305" status="PASS">
          <reporter-output>
          </reporter-output>
        </test-method> <!-- closeApplication -->
      </class> <!-- scripts.TestValidLogin -->
    </test> <!-- Default test -->
  </suite> <!-- Default suite -->
</testng-results>
